<?xml version="1.0" encoding="UTF-8"?>
<!-- Generated by org.testng.reporters.JUnitReportReporter -->
<testsuite hostname="AARADHYA" failures="0" tests="3" name="DemoProject.demo121122.SubmitOrderTest" time="29.707" errors="0" timestamp="16 Nov 2022 17:40:30 GMT" skipped="0">
  <testcase classname="DemoProject.demo121122.SubmitOrderTest" name="submitOrder" time="6.364"/>
  <testcase classname="DemoProject.demo121122.SubmitOrderTest" name="orderHistoryTest" time="2.383"/>
  <testcase classname="DemoProject.demo121122.SubmitOrderTest" name="submitOrder" time="20.960"/>
</testsuite> <!-- DemoProject.demo121122.SubmitOrderTest -->
