<?xml version="1.0" encoding="UTF-8"?>
<!-- Generated by org.testng.reporters.JUnitReportReporter -->
<testsuite hostname="AARADHYA" failures="0" tests="1" name="DemoProject.demo121122.Testclass" time="2.933" errors="0" timestamp="15 Nov 2022 07:13:19 GMT" skipped="0">
  <testcase classname="DemoProject.demo121122.Testclass" name="checkorderProducts" time="2.933"/>
</testsuite> <!-- DemoProject.demo121122.Testclass -->
