<?xml version="1.0" encoding="UTF-8"?>
<!-- Generated by org.testng.reporters.JUnitReportReporter -->
<testsuite hostname="AARADHYA" failures="0" tests="2" name="DemoProject.demo121122.SubmitOrderTest" time="27.406" errors="0" timestamp="17 Nov 2022 09:20:13 GMT" skipped="0">
  <testcase classname="DemoProject.demo121122.SubmitOrderTest" name="submitOrder" time="4.644"/>
  <testcase classname="DemoProject.demo121122.SubmitOrderTest" name="submitOrder" time="22.762"/>
</testsuite> <!-- DemoProject.demo121122.SubmitOrderTest -->
