<?xml version="1.0" encoding="UTF-8"?>
<!-- Generated by org.testng.reporters.JUnitReportReporter -->
<testsuite hostname="AARADHYA" failures="0" tests="1" name="DemoProject.demo121122.ErrorValidationTest" time="8.724" errors="0" timestamp="17 Nov 2022 07:36:57 GMT" skipped="0">
  <testcase classname="DemoProject.demo121122.ErrorValidationTest" name="productErrorvalidation" time="8.724"/>
</testsuite> <!-- DemoProject.demo121122.ErrorValidationTest -->
